<?xml version="1.0" encoding="UTF-8"?>
<!-- Generated by org.testng.reporters.JUnitXMLReporter -->
<testsuite hostname="HIGURL71125" ignored="6" name="Test" tests="4" failures="0" timestamp="2020-07-07T17:33:53 IST" time="70.857" errors="0">
  <testcase name="searchUserByNameByExcel" time="5.399" classname="AppiumTestCases.SearchTest"/>
  <testcase name="getUser" time="7.045" classname="APITestCases.GetUser"/>
  <testcase name="postUser" time="1.281" classname="APITestCases.createUsers"/>
  <testcase name="getAllUsers" time="0.504" classname="APITestCases.GetUsers"/>
  <testcase name="@AfterTest TearDown" time="0.0" classname="Utility.BaseTest">
    <ignored/>
  </testcase> <!-- @AfterTest TearDown -->
  <testcase name="@AfterTest TearDown" time="0.0" classname="Utility.BaseTest">
    <ignored/>
  </testcase> <!-- @AfterTest TearDown -->
  <testcase name="@AfterTest TearDown" time="0.0" classname="Utility.BaseTest">
    <ignored/>
  </testcase> <!-- @AfterTest TearDown -->
  <testcase name="@BeforeTest TestSetUp" time="0.0" classname="Utility.BaseTest">
    <ignored/>
  </testcase> <!-- @BeforeTest TestSetUp -->
  <testcase name="@BeforeTest TestSetUp" time="0.0" classname="Utility.BaseTest">
    <ignored/>
  </testcase> <!-- @BeforeTest TestSetUp -->
  <testcase name="@BeforeTest TestSetUp" time="0.0" classname="Utility.BaseTest">
    <ignored/>
  </testcase> <!-- @BeforeTest TestSetUp -->
</testsuite> <!-- Test -->
