<?xml version="1.0" encoding="UTF-8"?>
<!-- Generated by org.testng.reporters.JUnitXMLReporter -->
<testsuite hostname="HIGURL71125" ignored="4" name="Test" tests="3" failures="0" timestamp="2020-07-07T15:25:01 IST" time="80.434" errors="0">
  <testcase name="getUser" time="2.507" classname="APITestCases.GetUser"/>
  <testcase name="postUser" time="0.984" classname="APITestCases.createUsers"/>
  <testcase name="getAllUsers" time="0.523" classname="APITestCases.GetUsers"/>
  <testcase name="@AfterTest TearDown" time="0.0" classname="Utility.BaseTest">
    <ignored/>
  </testcase> <!-- @AfterTest TearDown -->
  <testcase name="@AfterTest TearDown" time="0.0" classname="Utility.BaseTest">
    <ignored/>
  </testcase> <!-- @AfterTest TearDown -->
  <testcase name="@BeforeTest TestSetUp" time="0.0" classname="Utility.BaseTest">
    <ignored/>
  </testcase> <!-- @BeforeTest TestSetUp -->
  <testcase name="@BeforeTest TestSetUp" time="0.0" classname="Utility.BaseTest">
    <ignored/>
  </testcase> <!-- @BeforeTest TestSetUp -->
</testsuite> <!-- Test -->
