<?xml version="1.0" encoding="UTF-8"?>
<testng-results skipped="0" failed="0" ignored="6" total="10" passed="4">
  <reporter-output>
  </reporter-output>
  <suite name="Suite" duration-ms="70857" started-at="2020-07-07T17:32:42 IST" finished-at="2020-07-07T17:33:53 IST">
    <groups>
    </groups>
    <test name="Test" duration-ms="70857" started-at="2020-07-07T17:32:42 IST" finished-at="2020-07-07T17:33:53 IST">
      <class name="APITestCases.createUsers">
        <test-method status="PASS" signature="postUser()[pri:0, instance:APITestCases.createUsers@63440df3]" name="postUser" duration-ms="1281" started-at="2020-07-07T17:33:48 IST" finished-at="2020-07-07T17:33:49 IST">
          <reporter-output>
          </reporter-output>
        </test-method> <!-- postUser -->
        <test-method status="PASS" signature="setUp()[pri:0, instance:APITestCases.createUsers@63440df3]" name="setUp" is-config="true" duration-ms="0" started-at="2020-07-07T17:33:48 IST" finished-at="2020-07-07T17:33:48 IST">
          <reporter-output>
          </reporter-output>
        </test-method> <!-- setUp -->
      </class> <!-- APITestCases.createUsers -->
      <class name="APITestCases.GetUser">
        <test-method status="PASS" signature="setUp()[pri:0, instance:APITestCases.GetUser@77f99a05]" name="setUp" is-config="true" duration-ms="4534" started-at="2020-07-07T17:33:36 IST" finished-at="2020-07-07T17:33:41 IST">
          <reporter-output>
          </reporter-output>
        </test-method> <!-- setUp -->
        <test-method status="PASS" signature="getUser()[pri:0, instance:APITestCases.GetUser@77f99a05]" name="getUser" duration-ms="7045" started-at="2020-07-07T17:33:41 IST" finished-at="2020-07-07T17:33:48 IST">
          <reporter-output>
          </reporter-output>
        </test-method> <!-- getUser -->
      </class> <!-- APITestCases.GetUser -->
      <class name="AppiumTestCases.SearchTest">
        <test-method status="PASS" signature="TestSetUp()[pri:0, instance:AppiumTestCases.SearchTest@a38d7a3]" name="TestSetUp" is-config="true" duration-ms="48738" started-at="2020-07-07T17:32:42 IST" finished-at="2020-07-07T17:33:31 IST">
          <reporter-output>
          </reporter-output>
        </test-method> <!-- TestSetUp -->
        <test-method status="PASS" signature="searchUserByNameByExcel()[pri:0, instance:AppiumTestCases.SearchTest@a38d7a3]" name="searchUserByNameByExcel" duration-ms="5399" started-at="2020-07-07T17:33:31 IST" finished-at="2020-07-07T17:33:36 IST">
          <reporter-output>
          </reporter-output>
        </test-method> <!-- searchUserByNameByExcel -->
        <test-method status="PASS" signature="TearDown()[pri:0, instance:AppiumTestCases.SearchTest@a38d7a3]" name="TearDown" is-config="true" duration-ms="3280" started-at="2020-07-07T17:33:50 IST" finished-at="2020-07-07T17:33:53 IST">
          <reporter-output>
          </reporter-output>
        </test-method> <!-- TearDown -->
      </class> <!-- AppiumTestCases.SearchTest -->
      <class name="APITestCases.GetUsers">
        <test-method status="PASS" signature="setUp()[pri:0, instance:APITestCases.GetUsers@3aeaafa6]" name="setUp" is-config="true" duration-ms="0" started-at="2020-07-07T17:33:49 IST" finished-at="2020-07-07T17:33:49 IST">
          <reporter-output>
          </reporter-output>
        </test-method> <!-- setUp -->
        <test-method status="PASS" signature="getAllUsers()[pri:0, instance:APITestCases.GetUsers@3aeaafa6]" name="getAllUsers" duration-ms="504" started-at="2020-07-07T17:33:49 IST" finished-at="2020-07-07T17:33:50 IST">
          <reporter-output>
          </reporter-output>
        </test-method> <!-- getAllUsers -->
      </class> <!-- APITestCases.GetUsers -->
    </test> <!-- Test -->
  </suite> <!-- Suite -->
</testng-results>
