<?xml version="1.0" encoding="UTF-8"?>
<testng-results skipped="0" failed="0" ignored="4" total="7" passed="3">
  <reporter-output>
  </reporter-output>
  <suite name="Suite" duration-ms="80434" started-at="2020-07-07T15:23:40 IST" finished-at="2020-07-07T15:25:01 IST">
    <groups>
    </groups>
    <test name="Test" duration-ms="80434" started-at="2020-07-07T15:23:40 IST" finished-at="2020-07-07T15:25:01 IST">
      <class name="APITestCases.createUsers">
        <test-method status="PASS" signature="setUp()[pri:0, instance:APITestCases.createUsers@1a3869f4]" name="setUp" is-config="true" duration-ms="1" started-at="2020-07-07T15:24:54 IST" finished-at="2020-07-07T15:24:54 IST">
          <reporter-output>
          </reporter-output>
        </test-method> <!-- setUp -->
        <test-method status="PASS" signature="postUser()[pri:0, instance:APITestCases.createUsers@1a3869f4]" name="postUser" duration-ms="984" started-at="2020-07-07T15:24:54 IST" finished-at="2020-07-07T15:24:55 IST">
          <reporter-output>
          </reporter-output>
        </test-method> <!-- postUser -->
      </class> <!-- APITestCases.createUsers -->
      <class name="APITestCases.GetUser">
        <test-method status="PASS" signature="TestSetUp()[pri:0, instance:APITestCases.GetUser@77ec78b9]" name="TestSetUp" is-config="true" duration-ms="70614" started-at="2020-07-07T15:23:40 IST" finished-at="2020-07-07T15:24:51 IST">
          <reporter-output>
          </reporter-output>
        </test-method> <!-- TestSetUp -->
        <test-method status="PASS" signature="setUp()[pri:0, instance:APITestCases.GetUser@77ec78b9]" name="setUp" is-config="true" duration-ms="1106" started-at="2020-07-07T15:24:51 IST" finished-at="2020-07-07T15:24:52 IST">
          <reporter-output>
          </reporter-output>
        </test-method> <!-- setUp -->
        <test-method status="PASS" signature="getUser()[pri:0, instance:APITestCases.GetUser@77ec78b9]" name="getUser" duration-ms="2507" started-at="2020-07-07T15:24:52 IST" finished-at="2020-07-07T15:24:54 IST">
          <reporter-output>
          </reporter-output>
        </test-method> <!-- getUser -->
        <test-method status="PASS" signature="TearDown()[pri:0, instance:APITestCases.GetUser@77ec78b9]" name="TearDown" is-config="true" duration-ms="4629" started-at="2020-07-07T15:24:56 IST" finished-at="2020-07-07T15:25:01 IST">
          <reporter-output>
          </reporter-output>
        </test-method> <!-- TearDown -->
      </class> <!-- APITestCases.GetUser -->
      <class name="APITestCases.GetUsers">
        <test-method status="PASS" signature="getAllUsers()[pri:0, instance:APITestCases.GetUsers@a38d7a3]" name="getAllUsers" duration-ms="523" started-at="2020-07-07T15:24:55 IST" finished-at="2020-07-07T15:24:56 IST">
          <reporter-output>
          </reporter-output>
        </test-method> <!-- getAllUsers -->
        <test-method status="PASS" signature="setUp()[pri:0, instance:APITestCases.GetUsers@a38d7a3]" name="setUp" is-config="true" duration-ms="0" started-at="2020-07-07T15:24:55 IST" finished-at="2020-07-07T15:24:55 IST">
          <reporter-output>
          </reporter-output>
        </test-method> <!-- setUp -->
      </class> <!-- APITestCases.GetUsers -->
    </test> <!-- Test -->
  </suite> <!-- Suite -->
</testng-results>
